<?xml version="1.0" encoding="UTF-8"?>
<!-- Generated by org.testng.reporters.JUnitReportReporter -->
<testsuite hostname="fedora" failures="0" tests="3" name="datadriven.exceldataprovider.dataProvide" time="0.005" errors="0" timestamp="2022-12-02T17:30:29 CST" skipped="0">
  <testcase classname="datadriven.exceldataprovider.dataProvide" name="testcaseData" time="0.001"/>
  <system-out/>
  <testcase classname="datadriven.exceldataprovider.dataProvide" name="testcaseData" time="0.003"/>
  <system-out/>
  <testcase classname="datadriven.exceldataprovider.dataProvide" name="testcaseData" time="0.001"/>
  <system-out/>
</testsuite> <!-- datadriven.exceldataprovider.dataProvide -->
